<!DOCTYPE html>
<html>
<head>

<meta http-equiv="Content-Type" content="text/html; charset=UTF-8" />

<script src="js/jquery.min.js"></script>
<script src="js/jquery.tablesorter.min.js"></script>
<script src="js/Chart.min.js"></script>
<script src="js/moment.min.js"></script>
<script src="js/bootstrap.min.js"></script>

<link rel="stylesheet" href="css/bootstrap.min.css" type="text/css"/>
<link rel="stylesheet" href="css/cucumber.css" type="text/css"/>
<link rel="stylesheet" href="css/font-awesome.min.css"/>
<link rel="shortcut icon" href="images/favicon.png"/>

<script>
$(document).ready(function() {
    // this will tell tablesorter to try looking for the data-value attribute
    // if present, it'll sort by that instead
    // otherwise, it'll sort by the text content of the table cell
    $("#tablesorter").tablesorter({
        textAttribute: 'data-value',
        // ignores the first row of the header, the 'scenario', 'steps', since
        // sorting those doesn't make sense
        selectorHeaders: '> thead tr:not(.dont-sort) th',
        // use a stable sort
        sortStable: true
    });
});
</script>











<title>Cucumber Reports (no 0) - Failures Overview</title>

</head>

<body>

<nav class="navbar navbar-default navbar-fixed-top" id="navigation">
  <div class="container-fluid">
    <div class="collapse navbar-collapse">
      <p class="navbar-text navbar-left">Cucumber Report</p>
      <ul class="nav navbar-nav navbar-right">
        <li role="presentation" ><a href="overview-features.html">Features</a></li>
        <li role="presentation" ><a href="overview-tags.html">Tags</a></li>
        <li role="presentation" ><a href="overview-steps.html">Steps</a></li>
        <li role="presentation"  class="active" ><a href="overview-failures.html">Failures</a></li>
      </ul>
    </div>
  </div>
</nav>


<div class="container-fluid">
  <div class="col-md-5 col-md-offset-1">

<table class="table table-bordered" id="build-info">
  <thead>
    <tr>
      <th>Project</th>
        <th>Number</th>
      <th>Date</th>
    </tr>
  </thead>
  <tbody>
    <tr class="info">
      <td>root project 'TestAPIFrameWork'</td>
        <td>0</td>
      <td>15 Mar 2023, 13:50</td>
    </tr>
  </tbody>
</table>

  </div>
  <div class="col-md-3 col-md-offset-2">
  </div>
</div>


<div id="report-lead" class="container-fluid">
  <div class="col-md-10 col-md-offset-1">
    <h2>Failures Overview</h2>
      <p>The following summary displays scenarios that failed.</p>
  </div>
</div>


<div class="container-fluid">
  <div class="row">
    <div class="col-md-1 col-md-offset-10">
      <i class="fa fa-chevron-circle-down fa-2x collapsable-control"
        onClick="javascript:$('#report .collapsable-details').collapse('show')"></i>
      <i class="fa fa-chevron-circle-up fa-2x collapsable-control"
        onClick="javascript:$('#report .collapsable-details').collapse('hide')"></i>
    </div>
  </div>
</div>


<div class="container-fluid" id="report">
  <div class="row">
    <div class="col-md-10 col-md-offset-1">

        <div class="elements">

<div class="element">
    <div class="indention">
      <b>Feature:</b>
      <a href="report-feature_2531024000.html">Dummy Rest API Functionality Scenarios</a>
    </div>


<div class="tags indention">
</div>


  <span class="lead-duration duration">3.101</span>


  <span data-toggle="collapse" class=" collapsable-control" data-target="#element-1">

<div class="brief failed">
  <span class="keyword indention">Scenario Outline</span>
  <span class="name">Dummy Rest Api GET Students</span>


     <i class="chevron fa fa-fw"></i>
</div>

  </span>
  <div class="description indention"></div>

  <div id="element-1" class="collapse collapsable-details  in ">


  <div class="inner-level hooks-element-before">
    <div data-toggle="collapse" class=" collapsed  collapsable-control" data-target="#before-2">

<div class="brief passed">
  <span class="keyword indention">Hooks</span>
  <span class="name"></span>


     <i class="chevron fa fa-fw"></i>
</div>

    </div>

    <div id="before-2" class="inner-level collapse collapsable-details ">
        <div class="hook">
          <div class="brief passed">
            <span class="keyword indention">Before</span>
              <span class="location name">step.definitions.MyStepDefinition.before(io.cucumber.java.Scenario)</span>

  <span class="lead-duration duration">0.009</span>

          </div>







        </div>
    </div>
  </div>



<div class="steps inner-level">
  <div data-toggle="collapse" class=" collapsable-control" data-target="#steps-3">

<div class="brief failed">
  <span class="keyword indention">Steps</span>
  <span class="name"></span>


     <i class="chevron fa fa-fw"></i>
</div>

  </div>

  <div id="steps-3" class="inner-level collapse collapsable-details  in ">
      <div class="step">


<div class="brief step-name-Given passed">
  <span class="keyword indention">Given</span>
  <span class="name">Get Call to <span class="argument">&quot;/posts&quot;</span></span>

  <span class="lead-duration duration">3.086</span>

</div>
















      </div>
      <div class="step">


<div class="brief step-name-Then failed">
  <span class="keyword indention">Then</span>
  <span class="name">Response Code <span class="argument">&quot;200&quot;</span> is validated</span>

  <span class="lead-duration duration">0.014</span>

</div>






  <div class="inner-level">
    <div class="message indention">
      <div data-toggle="collapse" class=" collapsable-control" data-target="#msg-4">
          <a>org.junit.ComparisonFailure:</a>
      </div>
      <div id="msg-4" class="collapse collapsable-details  in ">
        <pre>org.junit.ComparisonFailure: expected:&lt;[200]&gt; but was:&lt;[404]&gt;
	at org.junit.Assert.assertEquals(Assert.java:117)
	at org.junit.Assert.assertEquals(Assert.java:146)
	at step.definitions.MyStepDefinition.response_is_validated(MyStepDefinition.java:61)
	at &#10045;.Response Code &quot;200&quot; is validated(file:///C:/workspace/TestAPIFrameWork/src/test/resources/featureFiles/DemoRestTest.feature:5)
</pre>
      </div>
    </div>
  </div>











      </div>
  </div>
</div>





  </div>
</div>


<div class="element">
    <div class="indention">
      <b>Feature:</b>
      <a href="report-feature_2531024000.html">Dummy Rest API Functionality Scenarios</a>
    </div>


<div class="tags indention">
</div>


  <span class="lead-duration duration">4.541</span>


  <span data-toggle="collapse" class=" collapsable-control" data-target="#element-5">

<div class="brief failed">
  <span class="keyword indention">Scenario Outline</span>
  <span class="name">Verify the city name</span>


     <i class="chevron fa fa-fw"></i>
</div>

  </span>
  <div class="description indention"></div>

  <div id="element-5" class="collapse collapsable-details  in ">


  <div class="inner-level hooks-element-before">
    <div data-toggle="collapse" class=" collapsed  collapsable-control" data-target="#before-6">

<div class="brief passed">
  <span class="keyword indention">Hooks</span>
  <span class="name"></span>


     <i class="chevron fa fa-fw"></i>
</div>

    </div>

    <div id="before-6" class="inner-level collapse collapsable-details ">
        <div class="hook">
          <div class="brief passed">
            <span class="keyword indention">Before</span>
              <span class="location name">step.definitions.MyStepDefinition.before(io.cucumber.java.Scenario)</span>

  <span class="lead-duration duration">0.000</span>

          </div>







        </div>
    </div>
  </div>



<div class="steps inner-level">
  <div data-toggle="collapse" class=" collapsable-control" data-target="#steps-7">

<div class="brief failed">
  <span class="keyword indention">Steps</span>
  <span class="name"></span>


     <i class="chevron fa fa-fw"></i>
</div>

  </div>

  <div id="steps-7" class="inner-level collapse collapsable-details  in ">
      <div class="step">


<div class="brief step-name-Given passed">
  <span class="keyword indention">Given</span>
  <span class="name">Get Call to <span class="argument">&quot;posts/1&quot;</span></span>

  <span class="lead-duration duration">2.087</span>

</div>
















      </div>
      <div class="step">


<div class="brief step-name-And failed">
  <span class="keyword indention">And</span>
  <span class="name">Get the email <span class="argument">&quot;typicode&quot;</span> and <span class="argument">&quot;posts/1&quot;</span> and <span class="argument">&quot;json-server&quot;</span></span>

  <span class="lead-duration duration">2.454</span>

</div>






  <div class="inner-level">
    <div class="message indention">
      <div data-toggle="collapse" class=" collapsable-control" data-target="#msg-8">
          <a>java.lang.AssertionError:</a>
      </div>
      <div id="msg-8" class="collapse collapsable-details  in ">
        <pre>java.lang.AssertionError: expected:&lt;typicode&gt; but was:&lt;null&gt;
	at org.junit.Assert.fail(Assert.java:89)
	at org.junit.Assert.failNotEquals(Assert.java:835)
	at org.junit.Assert.assertEquals(Assert.java:120)
	at step.definitions.MyStepDefinition.getTheCityName(MyStepDefinition.java:99)
	at &#10045;.Get the email &quot;typicode&quot; and &quot;posts/1&quot; and &quot;json-server&quot;(file:///C:/workspace/TestAPIFrameWork/src/test/resources/featureFiles/DemoRestTest.feature:23)
</pre>
      </div>
    </div>
  </div>











      </div>
      <div class="step">


<div class="brief step-name-Then skipped">
  <span class="keyword indention">Then</span>
  <span class="name">Verify the city name</span>

  <span class="lead-duration duration">0.000</span>

</div>
















      </div>
  </div>
</div>





  </div>
</div>


<div class="element">
    <div class="indention">
      <b>Feature:</b>
      <a href="report-feature_1_1844844609.html">End to End test</a>
    </div>


<div class="tags indention">
</div>


  <span class="lead-duration duration">1.797</span>


  <span data-toggle="collapse" class=" collapsable-control" data-target="#element-9">

<div class="brief failed">
  <span class="keyword indention">Scenario</span>
  <span class="name">Authorised user is able to add or delete books</span>


     <i class="chevron fa fa-fw"></i>
</div>

  </span>
  <div class="description indention"></div>

  <div id="element-9" class="collapse collapsable-details  in ">


  <div class="inner-level hooks-element-before">
    <div data-toggle="collapse" class=" collapsed  collapsable-control" data-target="#before-10">

<div class="brief passed">
  <span class="keyword indention">Hooks</span>
  <span class="name"></span>


     <i class="chevron fa fa-fw"></i>
</div>

    </div>

    <div id="before-10" class="inner-level collapse collapsable-details ">
        <div class="hook">
          <div class="brief passed">
            <span class="keyword indention">Before</span>
              <span class="location name">step.definitions.MyStepDefinition.before(io.cucumber.java.Scenario)</span>

  <span class="lead-duration duration">0.000</span>

          </div>







        </div>
    </div>
  </div>



<div class="steps inner-level">
  <div data-toggle="collapse" class=" collapsable-control" data-target="#steps-11">

<div class="brief failed">
  <span class="keyword indention">Steps</span>
  <span class="name"></span>


     <i class="chevron fa fa-fw"></i>
</div>

  </div>

  <div id="steps-11" class="inner-level collapse collapsable-details  in ">
      <div class="step">


<div class="brief step-name-Given passed">
  <span class="keyword indention">Given</span>
  <span class="name">A list of books are available</span>

  <span class="lead-duration duration">0.907</span>

</div>
















      </div>
      <div class="step">


<div class="brief step-name-When passed">
  <span class="keyword indention">When</span>
  <span class="name">I add a book to my reading list</span>

  <span class="lead-duration duration">0.889</span>

</div>
















      </div>
      <div class="step">


<div class="brief step-name-Then failed">
  <span class="keyword indention">Then</span>
  <span class="name">The book is added</span>

  <span class="lead-duration duration">0.000</span>

</div>






  <div class="inner-level">
    <div class="message indention">
      <div data-toggle="collapse" class=" collapsable-control" data-target="#msg-12">
          <a>java.lang.AssertionError:</a>
      </div>
      <div id="msg-12" class="collapse collapsable-details  in ">
        <pre>java.lang.AssertionError: expected:&lt;201&gt; but was:&lt;401&gt;
	at org.junit.Assert.fail(Assert.java:89)
	at org.junit.Assert.failNotEquals(Assert.java:835)
	at org.junit.Assert.assertEquals(Assert.java:647)
	at org.junit.Assert.assertEquals(Assert.java:633)
	at step.definitions.MyStepDefinition.bookIsAdded(MyStepDefinition.java:180)
	at &#10045;.The book is added(file:///C:/workspace/TestAPIFrameWork/src/test/resources/featureFiles/E2ETest.feature:9)
</pre>
      </div>
    </div>
  </div>











      </div>
  </div>
</div>





  </div>
</div>


<div class="element">
    <div class="indention">
      <b>Feature:</b>
      <a href="report-feature_2_1756669528.html">Send Post request and Verify the Status Code and the Name</a>
    </div>


<div class="tags indention">
</div>


  <span class="lead-duration duration">2.072</span>


  <span data-toggle="collapse" class=" collapsable-control" data-target="#element-13">

<div class="brief failed">
  <span class="keyword indention">Scenario Outline</span>
  <span class="name">Update the user details</span>


     <i class="chevron fa fa-fw"></i>
</div>

  </span>
  <div class="description indention"></div>

  <div id="element-13" class="collapse collapsable-details  in ">


  <div class="inner-level hooks-element-before">
    <div data-toggle="collapse" class=" collapsed  collapsable-control" data-target="#before-14">

<div class="brief passed">
  <span class="keyword indention">Hooks</span>
  <span class="name"></span>


     <i class="chevron fa fa-fw"></i>
</div>

    </div>

    <div id="before-14" class="inner-level collapse collapsable-details ">
        <div class="hook">
          <div class="brief passed">
            <span class="keyword indention">Before</span>
              <span class="location name">step.definitions.MyStepDefinition.before(io.cucumber.java.Scenario)</span>

  <span class="lead-duration duration">0.000</span>

          </div>







        </div>
    </div>
  </div>



<div class="steps inner-level">
  <div data-toggle="collapse" class=" collapsable-control" data-target="#steps-15">

<div class="brief failed">
  <span class="keyword indention">Steps</span>
  <span class="name"></span>


     <i class="chevron fa fa-fw"></i>
</div>

  </div>

  <div id="steps-15" class="inner-level collapse collapsable-details  in ">
      <div class="step">


<div class="brief step-name-Given passed">
  <span class="keyword indention">Given</span>
  <span class="name">Update the user details <span class="argument">&quot;6769&quot;</span> <span class="argument">&quot;failed&quot;</span> <span class="argument">&quot;bolts&quot;</span></span>

  <span class="lead-duration duration">2.072</span>

</div>
















      </div>
      <div class="step">


<div class="brief step-name-Then failed">
  <span class="keyword indention">Then</span>
  <span class="name">Verify the response message code <span class="argument">&quot;200&quot;</span></span>

  <span class="lead-duration duration">0.000</span>

</div>






  <div class="inner-level">
    <div class="message indention">
      <div data-toggle="collapse" class=" collapsable-control" data-target="#msg-16">
          <a>java.lang.AssertionError:</a>
      </div>
      <div id="msg-16" class="collapse collapsable-details  in ">
        <pre>java.lang.AssertionError: expected:&lt;201&gt; but was:&lt;200&gt;
	at org.junit.Assert.fail(Assert.java:89)
	at org.junit.Assert.failNotEquals(Assert.java:835)
	at org.junit.Assert.assertEquals(Assert.java:647)
	at org.junit.Assert.assertEquals(Assert.java:633)
	at step.definitions.MyStepDefinition.verifyTheResponseMessage(MyStepDefinition.java:293)
	at &#10045;.Verify the response message code &quot;200&quot;(file:///C:/workspace/TestAPIFrameWork/src/test/resources/featureFiles/E2ETestLocal.feature:23)
</pre>
      </div>
    </div>
  </div>











      </div>
      <div class="step">


<div class="brief step-name-Then skipped">
  <span class="keyword indention">Then</span>
  <span class="name">Verify the updated message <span class="argument">&quot;bolts&quot;</span></span>

  <span class="lead-duration duration">0.000</span>

</div>
















      </div>
  </div>
</div>





  </div>
</div>

        </div>

    </div>
  </div>
</div>


<div class="container-fluid">
  <div class="row">
    <div class="col-md-1 col-md-offset-10">
      <i class="fa fa-chevron-circle-down fa-2x collapsable-control"
        onClick="javascript:$('#report .collapsable-details').collapse('show')"></i>
      <i class="fa fa-chevron-circle-up fa-2x collapsable-control"
        onClick="javascript:$('#report .collapsable-details').collapse('hide')"></i>
    </div>
  </div>
</div>

<br/>

<nav class="navbar navbar-default" id="footer">
  <div class="container-fluid">
    <p class="navbar-text navbar-right">
        <small>generate Cucumber HTML reports via:&nbsp;</small>
        <a class="navbar-link" href="https://github.com/jenkinsci/cucumber-reports-plugin">Jenkins Plugin</a> |
        <a class="navbar-link" href="https://github.com/damianszczepanik/cucumber-reporting">Standalone</a> |
        <a class="navbar-link" href="https://github.com/damianszczepanik/cucumber-sandwich">Sandwich</a> |
        <a class="navbar-link" href="https://github.com/damianszczepanik/maven-cucumber-reporting">Maven</a>
        &nbsp;&nbsp;
    </p>
  </div>
</nav>

</body>
</html>
